<?xml version="1.0" encoding="UTF-8"?>
<testsuite name="LibraryTest" tests="1" skipped="0" failures="0" errors="0" timestamp="2018-10-13T20:20:41" hostname="user" time="0.022">
  <properties/>
  <testcase name="testSomeLibraryMethod" classname="LibraryTest" time="0.022"/>
  <system-out><![CDATA[]]></system-out>
  <system-err><![CDATA[]]></system-err>
</testsuite>
